<?xml version="1.0" encoding="UTF-8"?>
<!-- Generated by org.testng.reporters.JUnitXMLReporter -->
<testsuite ignored="0" hostname="Lenovo" failures="1" tests="7" name="Test" time="56.387" errors="0" timestamp="2024-12-01T00:25:33 IST">
  <testcase classname="testCases.TC_Search_001" name="testSearchPageNavigation" time="2.758"/>
  <testcase classname="testCases.TC_Search_002" name="testSearchProductviaSearchBtn" time="5.367"/>
  <testcase classname="testCases.TC_Search_003" name="testSearchBarPlaceholder" time="5.601"/>
  <testcase classname="testCases.TC_Search_004" name="testSearchProductviaEnterKey" time="5.641">
    <skipped/>
  </testcase> <!-- testSearchProductviaEnterKey -->
  <testcase classname="testCases.TC_Search_004" name="testSearchProductviaEnterKey" time="2.945">
    <skipped/>
  </testcase> <!-- testSearchProductviaEnterKey -->
  <testcase classname="testCases.TC_Search_004" name="testSearchProductviaEnterKey" time="2.915">
    <skipped/>
  </testcase> <!-- testSearchProductviaEnterKey -->
  <testcase classname="testCases.TC_Search_004" name="testSearchProductviaEnterKey" time="2.359">
    <failure type="java.lang.AssertionError" message="expected [true] but found [false]">
      <![CDATA[java.lang.AssertionError: expected [true] but found [false]
at testCases.TC_Search_004.testSearchProductviaEnterKey(TC_Search_004.java:25)
at java.base/java.util.ArrayList.forEach(ArrayList.java:1597)
... Removed 36 stack frames]]>
    </failure>
  </testcase> <!-- testSearchProductviaEnterKey -->
</testsuite> <!-- Test -->
